#
# A fatal error has been detected by the Java Runtime Environment:
#
#  SIGILL (0x4) at pc=0x0000000110554eab, pid=13276, tid=5891
#
# JRE version: 7.0_11-b21
# Java VM: Java HotSpot(TM) 64-Bit Server VM (23.6-b04 mixed mode bsd-amd64 compressed oops)
# Problematic frame:
# J  org.ibex.nestedvm.Runtime.copyin(I[BI)V
#
# Failed to write core dump. Core dumps have been disabled. To enable core dumping, try "ulimit -c unlimited" before starting Java again
#
# If you would like to submit a bug report, please visit:
#   http://bugreport.sun.com/bugreport/crash.jsp
#

---------------  T H R E A D  ---------------

Current thread (0x00007fe65400e000):  JavaThread "main" [_thread_in_Java, id=5891, stack(0x00000001102db000,0x00000001103db000)]

siginfo:si_signo=SIGILL: si_errno=0, si_code=1 (ILL_ILLOPC), si_addr=0x0000000110554eab

Registers:
RAX=0x000000002995c000, RBX=0x000000014bef9dc8, RCX=0x000000000000000c, RDX=0x00000000001ae5d8
RSP=0x00000001103da640, RBP=0x00000000296f1010, RSI=0x000000014cac8068, RDI=0x00000000000003ff
R8 =0x0000000000000010, R9 =0x0000000000000000, R10=0x0000000000000400, R11=0x0000000000000fff
R12=0x0000000000000000, R13=0x000000002995c000, R14=0x00000001103da788, R15=0x00007fe65400e000
RIP=0x0000000110554eab, EFLAGS=0x0000000000010246, ERR=0x0000000000000000
  TRAPNO=0x0000000000000006

Top of Stack: (sp=0x00000001103da640)
0x00000001103da640:   00000001103da6a0 0000000114329088
0x00000001103da650:   00000001144ae258 0000000114318db8
0x00000001103da660:   0000000000000000 00000001103da690
0x00000001103da670:   00000001103da6e8 000000014cac8068
0x00000001103da680:   000000000001017c 0000000000080000
0x00000001103da690:   000000014cad4858 000000014ccebce0
0x00000001103da6a0:   000000014cac8068 00000001103da6a8
0x00000001103da6b0:   00000000296f1010 0000000110539cb0
0x00000001103da6c0:   00000010001ae5d8 000000014bef9dc8
0x00000001103da6d0:   0000000113e05218 000000014cac8068
0x00000001103da6e0:   00000001103da700 00000001103da758
0x00000001103da6f0:   00000001104b62d4 0000000000000000
0x00000001103da700:   00000001103da768 00000001104b6333
0x00000001103da710:   00000001104b6333 00000000001ae5d8
0x00000001103da720:   000000014cac8068 00000001103da728
0x00000001103da730:   0000000113e05445 00000001103da788
0x00000001103da740:   0000000113e084a8 0000000000000000
0x00000001103da750:   0000000113e05488 00000001103da718
0x00000001103da760:   00000001103da780 00000001103da7e0
0x00000001103da770:   00000001104b6333 0000000000000000
0x00000001103da780:   00000000001ae5d8 000000014cad4620
0x00000001103da790:   0000000000000009 000000014cad4620
0x00000001103da7a0:   00000001103da790 0000000113e02072
0x00000001103da7b0:   00000001103da808 0000000113e084a8
0x00000001103da7c0:   0000000000000000 0000000113e020a8
0x00000001103da7d0:   00000001103da780 00000001103da7f0
0x00000001103da7e0:   00000001103da850 00000001104b6333
0x00000001103da7f0:   0000000000000002 00000000001b7770
0x00000001103da800:   0000000100000002 000000014cad4620
0x00000001103da810:   00000001103da810 000000011441c890
0x00000001103da820:   00000001103da868 00000001144214f0
0x00000001103da830:   0000000000000000 000000011441c8b8 

Instructions: (pc=0x0000000110554eab)
0x0000000110554e8b:   54 24 2c 88 54 33 10 45 85 c0 0f 84 05 05 00 00
0x0000000110554e9b:   8b 54 24 28 83 c2 04 eb 03 45 33 c9 c1 f7 c0 fc
0x0000000110554eab:   ff ff ff 0f 84 d9 04 00 00 45 8b e8 41 c1 ed 02
0x0000000110554ebb:   c1 ea 02 45 85 ed 75 08 45 8b d1 e9 eb 01 00 00 

Register to memory mapping:

RAX=0x000000002995c000 is an unknown value
RBX=0x000000014bef9dc8 is an oop
[B 
 - klass: {type array byte}
 - length: 16
RCX=0x000000000000000c is an unknown value
RDX=0x00000000001ae5d8 is an unknown value
RSP=0x00000001103da640 is pointing into the stack for thread: 0x00007fe65400e000
RBP=0x00000000296f1010 is an unknown value
RSI=0x000000014cac8068 is an oop
org.sqlite.SQLite 
 - klass: 'org/sqlite/SQLite'
RDI=0x00000000000003ff is an unknown value
R8 =0x0000000000000010 is an unknown value
R9 =0x0000000000000000 is an unknown value
R10=0x0000000000000400 is an unknown value
R11=0x0000000000000fff is an unknown value
R12=0x0000000000000000 is an unknown value
R13=0x000000002995c000 is an unknown value
R14=0x00000001103da788 is pointing into the stack for thread: 0x00007fe65400e000
R15=0x00007fe65400e000 is a thread


Stack: [0x00000001102db000,0x00000001103db000],  sp=0x00000001103da640,  free space=1021k
Native frames: (J=compiled Java code, j=interpreted, Vv=VM code, C=native code)
J  org.ibex.nestedvm.Runtime.copyin(I[BI)V
